<?xml version="1.0" encoding="UTF-8"?>
<!-- Generated by org.testng.reporters.JUnitReportReporter -->
<testsuite hostname="DESKTOP-83K4TV4" failures="0" tests="5" name="Activities.Activity3" time="9.198" errors="0" timestamp="2021-05-24T16:24:50 IST" skipped="0">
  <testcase classname="Activities.Activity3" name="addPets" time="2.963"/>
  <system-out/>
  <testcase classname="Activities.Activity3" name="getPets" time="1.523"/>
  <system-out/>
  <testcase classname="Activities.Activity3" name="getPets" time="1.489"/>
  <system-out/>
  <testcase classname="Activities.Activity3" name="deletePets" time="1.657"/>
  <system-out/>
  <testcase classname="Activities.Activity3" name="deletePets" time="1.566"/>
  <system-out/>
</testsuite> <!-- Activities.Activity3 -->
