<?xml version="1.0" encoding="UTF-8"?>
<!-- Generated by org.testng.reporters.JUnitReportReporter -->
<testsuite hostname="DESKTOP-83K4TV4" failures="0" tests="3" name="Activities.Activity2" time="9.289" errors="0" timestamp="2021-05-24T16:24:50 IST" skipped="0">
  <testcase classname="Activities.Activity2" name="addNewUserFromFile" time="3.107"/>
  <system-out/>
  <testcase classname="Activities.Activity2" name="getUserInfo" time="1.884"/>
  <system-out/>
  <testcase classname="Activities.Activity2" name="deleteUser" time="4.298"/>
  <system-out/>
</testsuite> <!-- Activities.Activity2 -->
