<?xml version="1.0" encoding="UTF-8"?>
<!-- Generated by org.testng.reporters.JUnitReportReporter -->
<testsuite hostname="DESKTOP-83K4TV4" failures="0" tests="3" name="Activities.Activity1" time="11.144" errors="0" timestamp="2021-05-24T16:24:50 IST" skipped="0">
  <testcase classname="Activities.Activity1" name="addNewPet" time="7.282"/>
  <system-out/>
  <testcase classname="Activities.Activity1" name="getPetInfo" time="1.630"/>
  <system-out/>
  <testcase classname="Activities.Activity1" name="deletePet" time="2.232"/>
  <system-out/>
</testsuite> <!-- Activities.Activity1 -->
